<?xml version="1.0" encoding="UTF-8"?>
<!-- Generated by org.testng.reporters.JUnitXMLReporter -->
<testsuite ignored="2" hostname="PC" failures="0" tests="1" name="Default test" time="14.321" errors="0" timestamp="2022-10-18T12:57:19 JST">
  <testcase classname="TestCase.UserRegistration" name="userRegistrationFieldsVerify" time="7.321"/>
  <testcase classname="TestCase.UserRegistration" name="userRegistration" time="0.0">
    <ignored/>
  </testcase> <!-- userRegistration -->
  <testcase classname="TestCase.UserRegistration" name="userRegistrationError" time="0.0">
    <ignored/>
  </testcase> <!-- userRegistrationError -->
</testsuite> <!-- Default test -->
