<?xml version="1.0" encoding="UTF-8"?>
<testng-results ignored="2" total="3" passed="1" failed="0" skipped="0">
  <reporter-output>
  </reporter-output>
  <suite started-at="2022-10-18T12:57:04 JST" name="Default suite" finished-at="2022-10-18T12:57:19 JST" duration-ms="14321">
    <groups>
    </groups>
    <test started-at="2022-10-18T12:57:04 JST" name="Default test" finished-at="2022-10-18T12:57:19 JST" duration-ms="14321">
      <class name="TestCase.UserRegistration">
        <test-method is-config="true" signature="launchBrowser()[pri:0, instance:TestCase.UserRegistration@bd4dc25]" started-at="2022-10-18T12:57:04 JST" name="launchBrowser" finished-at="2022-10-18T12:57:11 JST" duration-ms="6974" status="PASS">
          <reporter-output>
          </reporter-output>
        </test-method> <!-- launchBrowser -->
        <test-method signature="userRegistrationFieldsVerify()[pri:0, instance:TestCase.UserRegistration@bd4dc25]" started-at="2022-10-18T12:57:11 JST" name="userRegistrationFieldsVerify" finished-at="2022-10-18T12:57:19 JST" duration-ms="7321" status="PASS">
          <reporter-output>
          </reporter-output>
        </test-method> <!-- userRegistrationFieldsVerify -->
      </class> <!-- TestCase.UserRegistration -->
    </test> <!-- Default test -->
  </suite> <!-- Default suite -->
</testng-results>
